<?xml version="1.0" encoding="UTF-8"?>
<!-- Generated by org.testng.reporters.JUnitXMLReporter -->
<testsuite ignored="1" hostname="YOGITA" failures="0" tests="1" name="Default test" time="50.591" errors="0" timestamp="2024-01-12T13:18:52 IST">
  <testcase classname="testNG1_Test.CF_TC555_ValidateSearchResultPolicyFromTextAndBanners" name="CF_TC555_ValidateSearchResultPolicyOfAdidtyBirla" time="24.122"/>
  <testcase classname="testNG1_Test.CF_TC555_ValidateSearchResultPolicyFromTextAndBanners" name="CF_TC555_ValidateSearchResultPolicy" time="0.0">
    <ignored/>
  </testcase> <!-- CF_TC555_ValidateSearchResultPolicy -->
</testsuite> <!-- Default test -->
