<?xml version="1.0" encoding="UTF-8"?>
<!-- Generated by org.testng.reporters.JUnitXMLReporter -->
<testsuite ignored="1" hostname="YOGITA" failures="0" tests="2" name="Test" time="64.666" errors="0" timestamp="2024-01-06T13:31:28 IST">
  <testcase classname="testNG1_Test.CF_TC512_ValidateErrorMessage" name="CF_TC512_ValidateErrorMessageForPinCodeField" time="1.08"/>
  <testcase classname="testNG1_Test.CF_TC555_ValidateSearchResultPolicyFromTextAndBanners" name="CF_TC555_ValidateSearchResultPolicyOfAdidtyBirla" time="24.076"/>
  <testcase classname="testNG1_Test.CF_TC555_ValidateSearchResultPolicyFromTextAndBanners" name="CF_TC555_ValidateSearchResultPolicy" time="0.0">
    <ignored/>
  </testcase> <!-- CF_TC555_ValidateSearchResultPolicy -->
</testsuite> <!-- Test -->
