<?xml version="1.0" encoding="UTF-8"?>
<testng-results ignored="0" total="1" passed="1" failed="0" skipped="0">
  <reporter-output>
    <line>
      <![CDATA[Browser luanching]]>
    </line>
    <line>
      <![CDATA[Click on gender button]]>
    </line>
    <line>
      <![CDATA[Click on Next button]]>
    </line>
    <line>
      <![CDATA[handeling dropDown ]]>
    </line>
    <line>
      <![CDATA[Click on next button]]>
    </line>
    <line>
      <![CDATA[Entering pin code]]>
    </line>
    <line>
      <![CDATA[entering mobile number]]>
    </line>
    <line>
      <![CDATA[Click on continue button]]>
    </line>
    <line>
      <![CDATA[Click on filter button]]>
    </line>
    <line>
      <![CDATA[Click on checkBox]]>
    </line>
    <line>
      <![CDATA[Click on apply button]]>
    </line>
    <line>
      <![CDATA[TC CF_TC555_ValidateSearchResultPolicyOfAdidtyBirla excecution is started]]>
    </line>
    <line>
      <![CDATA[Fetching result or adity birla from text ]]>
    </line>
    <line>
      <![CDATA[Fetching result of aditya birla from banners ]]>
    </line>
    <line>
      <![CDATA[TC2 is pass]]>
    </line>
    <line>
      <![CDATA[TC CF_TC555_ValidateSearchResultPolicyOfAdidtyBirla is completed successfully]]>
    </line>
    <line>
      <![CDATA[Browser closing ]]>
    </line>
  </reporter-output>
  <suite started-at="2024-01-12T13:18:01 IST" name="Default suite" finished-at="2024-01-12T13:18:52 IST" duration-ms="50591">
    <groups>
    </groups>
    <test started-at="2024-01-12T13:18:01 IST" name="Default test" finished-at="2024-01-12T13:18:52 IST" duration-ms="50591">
      <class name="testNG1_Test.CF_TC555_ValidateSearchResultPolicyFromTextAndBanners">
        <test-method is-config="true" signature="beforeClass()[pri:0, instance:testNG1_Test.CF_TC555_ValidateSearchResultPolicyFromTextAndBanners@206a70ef]" started-at="2024-01-12T13:18:01 IST" name="beforeClass" finished-at="2024-01-12T13:18:08 IST" duration-ms="6980" status="PASS">
          <reporter-output>
            <line>
              <![CDATA[Browser luanching]]>
            </line>
          </reporter-output>
        </test-method> <!-- beforeClass -->
        <test-method is-config="true" signature="beforeMethod()[pri:0, instance:testNG1_Test.CF_TC555_ValidateSearchResultPolicyFromTextAndBanners@206a70ef]" started-at="2024-01-12T13:18:08 IST" name="beforeMethod" finished-at="2024-01-12T13:18:19 IST" duration-ms="10272" status="PASS">
          <reporter-output>
            <line>
              <![CDATA[Click on gender button]]>
            </line>
            <line>
              <![CDATA[Click on Next button]]>
            </line>
            <line>
              <![CDATA[handeling dropDown ]]>
            </line>
            <line>
              <![CDATA[Click on next button]]>
            </line>
            <line>
              <![CDATA[Entering pin code]]>
            </line>
            <line>
              <![CDATA[entering mobile number]]>
            </line>
            <line>
              <![CDATA[Click on continue button]]>
            </line>
            <line>
              <![CDATA[Click on filter button]]>
            </line>
            <line>
              <![CDATA[Click on checkBox]]>
            </line>
            <line>
              <![CDATA[Click on apply button]]>
            </line>
          </reporter-output>
        </test-method> <!-- beforeMethod -->
        <test-method signature="CF_TC555_ValidateSearchResultPolicyOfAdidtyBirla()[pri:0, instance:testNG1_Test.CF_TC555_ValidateSearchResultPolicyFromTextAndBanners@206a70ef]" started-at="2024-01-12T13:18:19 IST" name="CF_TC555_ValidateSearchResultPolicyOfAdidtyBirla" finished-at="2024-01-12T13:18:43 IST" duration-ms="24122" status="PASS">
          <reporter-output>
            <line>
              <![CDATA[TC CF_TC555_ValidateSearchResultPolicyOfAdidtyBirla excecution is started]]>
            </line>
            <line>
              <![CDATA[Fetching result or adity birla from text ]]>
            </line>
            <line>
              <![CDATA[Fetching result of aditya birla from banners ]]>
            </line>
            <line>
              <![CDATA[TC2 is pass]]>
            </line>
            <line>
              <![CDATA[TC CF_TC555_ValidateSearchResultPolicyOfAdidtyBirla is completed successfully]]>
            </line>
          </reporter-output>
        </test-method> <!-- CF_TC555_ValidateSearchResultPolicyOfAdidtyBirla -->
        <test-method is-config="true" signature="afterMethod()[pri:0, instance:testNG1_Test.CF_TC555_ValidateSearchResultPolicyFromTextAndBanners@206a70ef]" started-at="2024-01-12T13:18:43 IST" name="afterMethod" finished-at="2024-01-12T13:18:52 IST" duration-ms="9133" status="PASS">
          <reporter-output>
            <line>
              <![CDATA[Browser closing ]]>
            </line>
          </reporter-output>
        </test-method> <!-- afterMethod -->
      </class> <!-- testNG1_Test.CF_TC555_ValidateSearchResultPolicyFromTextAndBanners -->
    </test> <!-- Default test -->
  </suite> <!-- Default suite -->
</testng-results>
